Determining if the pthread_create exist failed with the following output:
Change Dir: /home/edusrmt/Documentos/lp1-ranges/lib_source/build/CMakeFiles/CMakeTmp

Run Build Command:"/usr/bin/make" "cmTC_62957/fast"
/usr/bin/make -f CMakeFiles/cmTC_62957.dir/build.make CMakeFiles/cmTC_62957.dir/build
make[1]: Entering directory '/home/edusrmt/Documentos/lp1-ranges/lib_source/build/CMakeFiles/CMakeTmp'
Building C object CMakeFiles/cmTC_62957.dir/CheckSymbolExists.c.o
/usr/bin/cc    -o CMakeFiles/cmTC_62957.dir/CheckSymbolExists.c.o   -c /home/edusrmt/Documentos/lp1-ranges/lib_source/build/CMakeFiles/CMakeTmp/CheckSymbolExists.c
Linking C executable cmTC_62957
/usr/bin/cmake -E cmake_link_script CMakeFiles/cmTC_62957.dir/link.txt --verbose=1
/usr/bin/cc      CMakeFiles/cmTC_62957.dir/CheckSymbolExists.c.o  -o cmTC_62957 
/usr/bin/ld: CMakeFiles/cmTC_62957.dir/CheckSymbolExists.c.o: na função "main":
CheckSymbolExists.c:(.text+0x1b): referência não definida para "pthread_create"
collect2: error: ld returned 1 exit status
make[1]: *** [CMakeFiles/cmTC_62957.dir/build.make:87: cmTC_62957] Error 1
make[1]: Leaving directory '/home/edusrmt/Documentos/lp1-ranges/lib_source/build/CMakeFiles/CMakeTmp'
make: *** [Makefile:121: cmTC_62957/fast] Error 2

File /home/edusrmt/Documentos/lp1-ranges/lib_source/build/CMakeFiles/CMakeTmp/CheckSymbolExists.c:
/* */
#include <pthread.h>

int main(int argc, char** argv)
{
  (void)argv;
#ifndef pthread_create
  return ((int*)(&pthread_create))[argc];
#else
  (void)argc;
  return 0;
#endif
}

Determining if the function pthread_create exists in the pthreads failed with the following output:
Change Dir: /home/edusrmt/Documentos/lp1-ranges/lib_source/build/CMakeFiles/CMakeTmp

Run Build Command:"/usr/bin/make" "cmTC_8c04a/fast"
/usr/bin/make -f CMakeFiles/cmTC_8c04a.dir/build.make CMakeFiles/cmTC_8c04a.dir/build
make[1]: Entering directory '/home/edusrmt/Documentos/lp1-ranges/lib_source/build/CMakeFiles/CMakeTmp'
Building C object CMakeFiles/cmTC_8c04a.dir/CheckFunctionExists.c.o
/usr/bin/cc   -DCHECK_FUNCTION_EXISTS=pthread_create   -o CMakeFiles/cmTC_8c04a.dir/CheckFunctionExists.c.o   -c /usr/share/cmake-3.12/Modules/CheckFunctionExists.c
Linking C executable cmTC_8c04a
/usr/bin/cmake -E cmake_link_script CMakeFiles/cmTC_8c04a.dir/link.txt --verbose=1
/usr/bin/cc  -DCHECK_FUNCTION_EXISTS=pthread_create    CMakeFiles/cmTC_8c04a.dir/CheckFunctionExists.c.o  -o cmTC_8c04a -lpthreads 
/usr/bin/ld: não foi possível localizar -lpthreads
collect2: error: ld returned 1 exit status
make[1]: *** [CMakeFiles/cmTC_8c04a.dir/build.make:87: cmTC_8c04a] Error 1
make[1]: Leaving directory '/home/edusrmt/Documentos/lp1-ranges/lib_source/build/CMakeFiles/CMakeTmp'
make: *** [Makefile:121: cmTC_8c04a/fast] Error 2


